<?xml version="1.0" encoding="UTF-8"?>
<!-- Generated by org.testng.reporters.JUnitXMLReporter -->
<testsuite hostname="HELLO" name="Test" tests="5" failures="0" timestamp="18 Jun 2019 18:01:48 GMT" time="6.35" errors="0">
  <testcase name="getDogDetails" time="2.425" classname="com.absa.testcases.TC1_ListAllDogsData"/>
  <testcase name="verifyNodeIsPresent" time="0.656" classname="com.absa.testcases.TC2_VerifyNodeIsPresent"/>
  <testcase name="listSubNodeDetails" time="0.626" classname="com.absa.testcases.TC3_ListSubNodeValues"/>
  <testcase name="verifyImageAPIResponseBySubBreed" time="0.625" classname="com.absa.testcases.TC4_VerifyImageAPIBySubBreed"/>
  <testcase name="verifyImageAPIResponseBySubBreed" time="0.892" classname="com.absa.testcases.TC4_VerifyImageAPIBySubBreed"/>
</testsuite> <!-- Test -->
